<?xml version="1.0" encoding="UTF-8"?>
<testsuite name="com.joongoprime.backend.BackendApplicationTests" tests="1" skipped="0" failures="0" errors="0" timestamp="2022-01-25T12:11:08" hostname="Jyns-MacBookAir.local" time="0.055">
  <properties/>
  <testcase name="contextLoads()" classname="com.joongoprime.backend.BackendApplicationTests" time="0.055"/>
  <system-out><![CDATA[21:11:05.598 [Test worker] DEBUG org.springframework.test.context.BootstrapUtils - Instantiating CacheAwareContextLoaderDelegate from class [org.springframework.test.context.cache.DefaultCacheAwareContextLoaderDelegate]
21:11:05.604 [Test worker] DEBUG org.springframework.test.context.BootstrapUtils - Instantiating BootstrapContext using constructor [public org.springframework.test.context.support.DefaultBootstrapContext(java.lang.Class,org.springframework.test.context.CacheAwareContextLoaderDelegate)]
21:11:05.618 [Test worker] DEBUG org.springframework.test.context.BootstrapUtils - Instantiating TestContextBootstrapper for test class [com.joongoprime.backend.BackendApplicationTests] from class [org.springframework.boot.test.context.SpringBootTestContextBootstrapper]
21:11:05.625 [Test worker] INFO org.springframework.boot.test.context.SpringBootTestContextBootstrapper - Neither @ContextConfiguration nor @ContextHierarchy found for test class [com.joongoprime.backend.BackendApplicationTests], using SpringBootContextLoader
21:11:05.627 [Test worker] DEBUG org.springframework.test.context.support.AbstractContextLoader - Did not detect default resource location for test class [com.joongoprime.backend.BackendApplicationTests]: class path resource [com/joongoprime/backend/BackendApplicationTests-context.xml] does not exist
21:11:05.627 [Test worker] DEBUG org.springframework.test.context.support.AbstractContextLoader - Did not detect default resource location for test class [com.joongoprime.backend.BackendApplicationTests]: class path resource [com/joongoprime/backend/BackendApplicationTestsContext.groovy] does not exist
21:11:05.627 [Test worker] INFO org.springframework.test.context.support.AbstractContextLoader - Could not detect default resource locations for test class [com.joongoprime.backend.BackendApplicationTests]: no resource found for suffixes {-context.xml, Context.groovy}.
21:11:05.628 [Test worker] INFO org.springframework.test.context.support.AnnotationConfigContextLoaderUtils - Could not detect default configuration classes for test class [com.joongoprime.backend.BackendApplicationTests]: BackendApplicationTests does not declare any static, non-private, non-final, nested classes annotated with @Configuration.
21:11:05.647 [Test worker] DEBUG org.springframework.test.context.support.ActiveProfilesUtils - Could not find an 'annotation declaring class' for annotation type [org.springframework.test.context.ActiveProfiles] and class [com.joongoprime.backend.BackendApplicationTests]
21:11:05.678 [Test worker] DEBUG org.springframework.context.annotation.ClassPathScanningCandidateComponentProvider - Identified candidate component class: file [/Users/jyns/madcamp/madcamp4/backend/build/classes/java/main/com/joongoprime/backend/BackendApplication.class]
21:11:05.679 [Test worker] INFO org.springframework.boot.test.context.SpringBootTestContextBootstrapper - Found @SpringBootConfiguration com.joongoprime.backend.BackendApplication for test class com.joongoprime.backend.BackendApplicationTests
21:11:05.726 [Test worker] DEBUG org.springframework.boot.test.context.SpringBootTestContextBootstrapper - @TestExecutionListeners is not present for class [com.joongoprime.backend.BackendApplicationTests]: using defaults.
21:11:05.726 [Test worker] INFO org.springframework.boot.test.context.SpringBootTestContextBootstrapper - Loaded default TestExecutionListener class names from location [META-INF/spring.factories]: [org.springframework.security.test.context.support.WithSecurityContextTestExecutionListener, org.springframework.security.test.context.support.ReactorContextTestExecutionListener, org.springframework.boot.test.autoconfigure.restdocs.RestDocsTestExecutionListener, org.springframework.boot.test.autoconfigure.web.client.MockRestServiceServerResetTestExecutionListener, org.springframework.boot.test.autoconfigure.web.servlet.MockMvcPrintOnlyOnFailureTestExecutionListener, org.springframework.boot.test.autoconfigure.web.servlet.WebDriverTestExecutionListener, org.springframework.boot.test.autoconfigure.webservices.client.MockWebServiceServerTestExecutionListener, org.springframework.boot.test.mock.mockito.MockitoTestExecutionListener, org.springframework.boot.test.mock.mockito.ResetMocksTestExecutionListener, org.springframework.test.context.web.ServletTestExecutionListener, org.springframework.test.context.support.DirtiesContextBeforeModesTestExecutionListener, org.springframework.test.context.event.ApplicationEventsTestExecutionListener, org.springframework.test.context.support.DependencyInjectionTestExecutionListener, org.springframework.test.context.support.DirtiesContextTestExecutionListener, org.springframework.test.context.transaction.TransactionalTestExecutionListener, org.springframework.test.context.jdbc.SqlScriptsTestExecutionListener, org.springframework.test.context.event.EventPublishingTestExecutionListener]
21:11:05.737 [Test worker] INFO org.springframework.boot.test.context.SpringBootTestContextBootstrapper - Using TestExecutionListeners: [org.springframework.test.context.web.ServletTestExecutionListener@1fc793c2, org.springframework.test.context.support.DirtiesContextBeforeModesTestExecutionListener@2575f671, org.springframework.test.context.event.ApplicationEventsTestExecutionListener@329a1243, org.springframework.boot.test.mock.mockito.MockitoTestExecutionListener@ecf9fb3, org.springframework.boot.test.autoconfigure.SpringBootDependencyInjectionTestExecutionListener@2d35442b, org.springframework.test.context.support.DirtiesContextTestExecutionListener@27f9e982, org.springframework.test.context.transaction.TransactionalTestExecutionListener@4593ff34, org.springframework.test.context.jdbc.SqlScriptsTestExecutionListener@37d3d232, org.springframework.security.test.context.support.WithSecurityContextTestExecutionListener@30c0ccff, org.springframework.test.context.event.EventPublishingTestExecutionListener@581d969c, org.springframework.security.test.context.support.ReactorContextTestExecutionListener@22db8f4, org.springframework.boot.test.autoconfigure.restdocs.RestDocsTestExecutionListener@2b46a8c1, org.springframework.boot.test.autoconfigure.web.client.MockRestServiceServerResetTestExecutionListener@1d572e62, org.springframework.boot.test.autoconfigure.web.servlet.MockMvcPrintOnlyOnFailureTestExecutionListener@29caf222, org.springframework.boot.test.autoconfigure.web.servlet.WebDriverTestExecutionListener@46cf05f7, org.springframework.boot.test.autoconfigure.webservices.client.MockWebServiceServerTestExecutionListener@5851bd4f, org.springframework.boot.test.mock.mockito.ResetMocksTestExecutionListener@7cd1ac19]
21:11:05.738 [Test worker] DEBUG org.springframework.test.context.support.AbstractDirtiesContextTestExecutionListener - Before test class: context [DefaultTestContext@733037 testClass = BackendApplicationTests, testInstance = [null], testMethod = [null], testException = [null], mergedContextConfiguration = [WebMergedContextConfiguration@7728643a testClass = BackendApplicationTests, locations = '{}', classes = '{class com.joongoprime.backend.BackendApplication}', contextInitializerClasses = '[]', activeProfiles = '{}', propertySourceLocations = '{}', propertySourceProperties = '{org.springframework.boot.test.context.SpringBootTestContextBootstrapper=true}', contextCustomizers = set[org.springframework.boot.test.autoconfigure.actuate.metrics.MetricsExportContextCustomizerFactory$DisableMetricExportContextCustomizer@3e10dc6, org.springframework.boot.test.autoconfigure.properties.PropertyMappingContextCustomizer@0, org.springframework.boot.test.autoconfigure.web.servlet.WebDriverContextCustomizerFactory$Customizer@6aecbb8d, org.springframework.boot.test.context.filter.ExcludeFilterContextCustomizer@72758afa, org.springframework.boot.test.json.DuplicateJsonObjectContextCustomizerFactory$DuplicateJsonObjectContextCustomizer@7fc6de5b, org.springframework.boot.test.mock.mockito.MockitoContextCustomizer@0, org.springframework.boot.test.web.client.TestRestTemplateContextCustomizer@62163b39, org.springframework.boot.test.context.SpringBootTestArgs@1, org.springframework.boot.test.context.SpringBootTestWebEnvironment@62656be4], resourceBasePath = 'src/main/webapp', contextLoader = 'org.springframework.boot.test.context.SpringBootContextLoader', parent = [null]], attributes = map['org.springframework.test.context.web.ServletTestExecutionListener.activateListener' -> true]], class annotated with @DirtiesContext [false] with mode [null].

  .   ____          _            __ _ _
 /\\ / ___'_ __ _ _(_)_ __  __ _ \ \ \ \
( ( )\___ | '_ | '_| | '_ \/ _` | \ \ \ \
 \\/  ___)| |_)| | | | | || (_| |  ) ) ) )
  '  |____| .__|_| |_|_| |_\__, | / / / /
 =========|_|==============|___/=/_/_/_/
 :: Spring Boot ::                (v2.6.3)

2022-01-25 21:11:06.047  INFO 21365 --- [    Test worker] c.j.backend.BackendApplicationTests      : Starting BackendApplicationTests using Java 11.0.13 on Jyns-MacBookAir.local with PID 21365 (started by jyns in /Users/jyns/madcamp/madcamp4/backend)
2022-01-25 21:11:06.048  INFO 21365 --- [    Test worker] c.j.backend.BackendApplicationTests      : No active profile set, falling back to default profiles: default
2022-01-25 21:11:06.361  INFO 21365 --- [    Test worker] .s.d.r.c.RepositoryConfigurationDelegate : Multiple Spring Data modules found, entering strict repository configuration mode!
2022-01-25 21:11:06.362  INFO 21365 --- [    Test worker] .s.d.r.c.RepositoryConfigurationDelegate : Bootstrapping Spring Data Redis repositories in DEFAULT mode.
2022-01-25 21:11:06.372  INFO 21365 --- [    Test worker] .s.d.r.c.RepositoryConfigurationDelegate : Finished Spring Data repository scanning in 2 ms. Found 0 Redis repository interfaces.
2022-01-25 21:11:06.465  INFO 21365 --- [    Test worker] .s.d.r.c.RepositoryConfigurationDelegate : Multiple Spring Data modules found, entering strict repository configuration mode!
2022-01-25 21:11:06.466  INFO 21365 --- [    Test worker] .s.d.r.c.RepositoryConfigurationDelegate : Bootstrapping Spring Data JPA repositories in DEFAULT mode.
2022-01-25 21:11:06.565  INFO 21365 --- [    Test worker] .s.d.r.c.RepositoryConfigurationDelegate : Finished Spring Data repository scanning in 97 ms. Found 5 JPA repository interfaces.
2022-01-25 21:11:06.569  INFO 21365 --- [    Test worker] .s.d.r.c.RepositoryConfigurationDelegate : Multiple Spring Data modules found, entering strict repository configuration mode!
2022-01-25 21:11:06.570  INFO 21365 --- [    Test worker] .s.d.r.c.RepositoryConfigurationDelegate : Bootstrapping Spring Data Redis repositories in DEFAULT mode.
2022-01-25 21:11:06.574  INFO 21365 --- [    Test worker] .RepositoryConfigurationExtensionSupport : Spring Data Redis - Could not safely identify store assignment for repository candidate interface com.joongoprime.backend.entity.IdeaRepository. If you want this repository to be a Redis repository, consider annotating your entities with one of these annotations: org.springframework.data.redis.core.RedisHash (preferred), or consider extending one of the following types with your repository: org.springframework.data.keyvalue.repository.KeyValueRepository.
2022-01-25 21:11:06.574  INFO 21365 --- [    Test worker] .RepositoryConfigurationExtensionSupport : Spring Data Redis - Could not safely identify store assignment for repository candidate interface com.joongoprime.backend.entity.PreferRepository. If you want this repository to be a Redis repository, consider annotating your entities with one of these annotations: org.springframework.data.redis.core.RedisHash (preferred), or consider extending one of the following types with your repository: org.springframework.data.keyvalue.repository.KeyValueRepository.
2022-01-25 21:11:06.574  INFO 21365 --- [    Test worker] .RepositoryConfigurationExtensionSupport : Spring Data Redis - Could not safely identify store assignment for repository candidate interface com.joongoprime.backend.entity.ProductsRepository. If you want this repository to be a Redis repository, consider annotating your entities with one of these annotations: org.springframework.data.redis.core.RedisHash (preferred), or consider extending one of the following types with your repository: org.springframework.data.keyvalue.repository.KeyValueRepository.
2022-01-25 21:11:06.575  INFO 21365 --- [    Test worker] .RepositoryConfigurationExtensionSupport : Spring Data Redis - Could not safely identify store assignment for repository candidate interface com.joongoprime.backend.entity.TradeRepository. If you want this repository to be a Redis repository, consider annotating your entities with one of these annotations: org.springframework.data.redis.core.RedisHash (preferred), or consider extending one of the following types with your repository: org.springframework.data.keyvalue.repository.KeyValueRepository.
2022-01-25 21:11:06.575  INFO 21365 --- [    Test worker] .RepositoryConfigurationExtensionSupport : Spring Data Redis - Could not safely identify store assignment for repository candidate interface com.joongoprime.backend.entity.UsersRepository. If you want this repository to be a Redis repository, consider annotating your entities with one of these annotations: org.springframework.data.redis.core.RedisHash (preferred), or consider extending one of the following types with your repository: org.springframework.data.keyvalue.repository.KeyValueRepository.
2022-01-25 21:11:06.575  INFO 21365 --- [    Test worker] .s.d.r.c.RepositoryConfigurationDelegate : Finished Spring Data repository scanning in 5 ms. Found 0 Redis repository interfaces.
2022-01-25 21:11:06.642  WARN 21365 --- [    Test worker] o.m.s.mapper.ClassPathMapperScanner      : No MyBatis mapper was found in '[com.joongoprime.backend]' package. Please check your configuration.
2022-01-25 21:11:06.818  INFO 21365 --- [    Test worker] com.zaxxer.hikari.HikariDataSource       : HikariPool-1 - Starting...
2022-01-25 21:11:06.991  INFO 21365 --- [    Test worker] com.zaxxer.hikari.HikariDataSource       : HikariPool-1 - Start completed.
2022-01-25 21:11:07.054  INFO 21365 --- [    Test worker] o.hibernate.jpa.internal.util.LogHelper  : HHH000204: Processing PersistenceUnitInfo [name: default]
2022-01-25 21:11:07.083  INFO 21365 --- [    Test worker] org.hibernate.Version                    : HHH000412: Hibernate ORM core version 5.6.4.Final
2022-01-25 21:11:07.190  INFO 21365 --- [    Test worker] o.hibernate.annotations.common.Version   : HCANN000001: Hibernate Commons Annotations {5.1.2.Final}
2022-01-25 21:11:07.251  INFO 21365 --- [    Test worker] org.hibernate.dialect.Dialect            : HHH000400: Using dialect: org.hibernate.dialect.MySQL5InnoDBDialect
2022-01-25 21:11:07.585  INFO 21365 --- [    Test worker] o.h.e.t.j.p.i.JtaPlatformInitiator       : HHH000490: Using JtaPlatform implementation: [org.hibernate.engine.transaction.jta.platform.internal.NoJtaPlatform]
2022-01-25 21:11:07.589  INFO 21365 --- [    Test worker] j.LocalContainerEntityManagerFactoryBean : Initialized JPA EntityManagerFactory for persistence unit 'default'
2022-01-25 21:11:08.199  INFO 21365 --- [    Test worker] o.s.s.web.DefaultSecurityFilterChain     : Will secure any request with [org.springframework.security.web.context.request.async.WebAsyncManagerIntegrationFilter@52a8f789, org.springframework.security.web.context.SecurityContextPersistenceFilter@3891db3a, org.springframework.security.web.header.HeaderWriterFilter@722d3ddb, org.springframework.security.web.authentication.logout.LogoutFilter@53570fff, com.joongoprime.backend.jwt.JwtAuthenticationFilter@5345552f, org.springframework.security.web.savedrequest.RequestCacheAwareFilter@365a4b9b, org.springframework.security.web.servletapi.SecurityContextHolderAwareRequestFilter@64b20d9c, org.springframework.security.web.authentication.AnonymousAuthenticationFilter@55ba4bff, org.springframework.security.web.session.SessionManagementFilter@41d8ac75, org.springframework.security.web.access.ExceptionTranslationFilter@26d02dc6, org.springframework.security.web.access.intercept.FilterSecurityInterceptor@2b370ca9]
2022-01-25 21:11:08.636  INFO 21365 --- [    Test worker] c.j.backend.BackendApplicationTests      : Started BackendApplicationTests in 2.877 seconds (JVM running for 3.423)
]]></system-out>
  <system-err><![CDATA[]]></system-err>
</testsuite>
